<?xml version="1.0" encoding="UTF-8" ?>
<testsuite tests="27" failures="0" name="Maven.Zadanie2.AllTest" time="0.046" errors="0" skipped="0">
  <properties>
[...]
</properties>
  <testcase classname="Maven.Zadanie2.CyfroKrad" name="ArgumentToLiczbaUjemna" time="0.028"/>
  <testcase classname="Maven.Zadanie2.CyfroKrad" name="ArgumentToLiczbaJednocyfrowa" time="0"/>
  <testcase classname="Maven.Zadanie2.CyfroKrad" name="ArgumentToLiczbaDodatnia" time="0"/>
  <testcase classname="Maven.Zadanie2.CyfroKradWyjatki" name="ArgumentToNull" time="0"/>
  <testcase classname="Maven.Zadanie2.Heheszki" name="ArgumentToLiczbaDodatnia" time="0.004"/>
  <testcase classname="Maven.Zadanie2.HeheszkiWyjatki" name="ArgumentToNull[0]" time="0.001"/>
  <testcase classname="Maven.Zadanie2.HeheszkiWyjatki" name="ArgumentToZeroLubLiczbaUjemna[0]" time="0.001"/>
  <testcase classname="Maven.Zadanie2.HeheszkiWyjatki" name="ArgumentToNull[1]" time="0.001"/>
  <testcase classname="Maven.Zadanie2.HeheszkiWyjatki" name="ArgumentToZeroLubLiczbaUjemna[1]" time="0"/>
  <testcase classname="Maven.Zadanie2.HeheszkiWyjatki" name="ArgumentToNull[2]" time="0.001"/>
  <testcase classname="Maven.Zadanie2.HeheszkiWyjatki" name="ArgumentToZeroLubLiczbaUjemna[2]" time="0.001"/>
  <testcase classname="Maven.Zadanie2.HeheszkiWyjatki" name="ArgumentToNull[3]" time="0.001"/>
  <testcase classname="Maven.Zadanie2.HeheszkiWyjatki" name="ArgumentToZeroLubLiczbaUjemna[3]" time="0.001"/>
  <testcase classname="Maven.Zadanie2.HultajChochla" name="ArgumentToLiczbaUjemna" time="0"/>
  <testcase classname="Maven.Zadanie2.HultajChochla" name="ArgumentToLiczbaDodatnia" time="0"/>
  <testcase classname="Maven.Zadanie2.HultajChochlaWyjatki" name="ArgumentToLiczbaJednocyfrowa" time="0.001"/>
  <testcase classname="Maven.Zadanie2.HultajChochlaWyjatki" name="ArgumentToNull" time="0.001"/>
  <testcase classname="Maven.Zadanie2.Nieksztaltek" name="ArgumentToLiczbaZJednaCyfraDoZmiany" time="0"/>
  <testcase classname="Maven.Zadanie2.Nieksztaltek" name="ArgumentToLiczbaZCyframiDoZmiany" time="0.001"/>
  <testcase classname="Maven.Zadanie2.Nieksztaltek" name="ArgumentToLiczbaBezCyfrDoZmiany" time="0.001"/>
  <testcase classname="Maven.Zadanie2.NieksztaltekWyjatki" name="ArgumentToNull" time="0"/>
  <testcase classname="Maven.Zadanie2.Titit" name="ArgumentToLiczbaDodatniaLubUjemna[0]" time="0.001"/>
  <testcase classname="Maven.Zadanie2.Titit" name="ArgumentToLiczbaDodatniaLubUjemna[1]" time="0"/>
  <testcase classname="Maven.Zadanie2.Titit" name="ArgumentToLiczbaDodatniaLubUjemna[2]" time="0"/>
  <testcase classname="Maven.Zadanie2.Titit" name="ArgumentToLiczbaDodatniaLubUjemna[3]" time="0"/>
  <testcase classname="Maven.Zadanie2.TititWyjatki" name="ArgumentToNull" time="0.001"/>
  <testcase classname="Maven.Zadanie2.TititWyjatki" name="ArgumentToZero" time="0.001"/>
</testsuite>